<?xml version="1.0" encoding="UTF-8"?>
<!-- Generated by org.testng.reporters.JUnitReportReporter -->
<testsuite skipped="0" hostname="HDC2-D-CKVRXJ2" name="day1.DataProviders" tests="2" failures="0" timestamp="2020-01-29T17:03:02 IST" time="0.011" errors="0">
  <testcase name="f" time="0.008" classname="day1.DataProviders"/>
  <system-out/>
  <testcase name="f" time="0.003" classname="day1.DataProviders"/>
  <system-out/>
</testsuite> <!-- day1.DataProviders -->
