<?xml version="1.0" encoding="UTF-8"?>
<!-- Generated by org.testng.reporters.JUnitReportReporter -->
<testsuite skipped="1" hostname="HDC2-D-CKVRXJ2" name="day1.TestNG" tests="3" failures="0" timestamp="2020-01-29T16:47:56 IST" time="0.017" errors="0">
  <testcase name="method2" time="0.015" classname="day1.TestNG"/>
  <system-out/>
  <testcase name="method3" time="0.002" classname="day1.TestNG"/>
  <system-out/>
  <testcase name="method1" classname="day1.TestNG">
    <skipped/>
  </testcase> <!-- method1 -->
  <system-out/>
</testsuite> <!-- day1.TestNG -->
